<?xml version="1.0" encoding="UTF-8"?>
<!-- Generated by org.testng.reporters.JUnitXMLReporter -->
<testsuite ignored="0" hostname="Tripuranjali" failures="0" tests="4" name="Test" time="7.036" errors="0" timestamp="2024-06-28T23:29:23 IST">
  <testcase classname="api.testcases.UserTestCase" name="testcreateuser" time="2.397"/>
  <testcase classname="api.testcases.UserTestCase" name="testgetuser" time="1.09"/>
  <testcase classname="api.testcases.UserTestCase" name="testupdateuser" time="2.148"/>
  <testcase classname="api.testcases.UserTestCase" name="testdeleteuser" time="1.111"/>
</testsuite> <!-- Test -->
