<?xml version="1.0" encoding="UTF-8"?>
<testng-results ignored="0" total="4" passed="4" failed="0" skipped="0">
  <reporter-output>
  </reporter-output>
  <suite started-at="2024-06-28T23:29:16 IST" name="Suite" finished-at="2024-06-28T23:29:23 IST" duration-ms="7036">
    <groups>
    </groups>
    <test started-at="2024-06-28T23:29:16 IST" name="Test" finished-at="2024-06-28T23:29:23 IST" duration-ms="7036">
      <class name="api.testcases.UserTestCase">
        <test-method is-config="true" signature="setupdata()[pri:0, instance:api.testcases.UserTestCase@758a34ce]" started-at="2024-06-28T23:29:16 IST" name="setupdata" finished-at="2024-06-28T23:29:16 IST" duration-ms="105" status="PASS">
          <reporter-output>
          </reporter-output>
        </test-method> <!-- setupdata -->
        <test-method signature="testcreateuser()[pri:1, instance:api.testcases.UserTestCase@758a34ce]" started-at="2024-06-28T23:29:16 IST" name="testcreateuser" finished-at="2024-06-28T23:29:19 IST" duration-ms="2397" status="PASS">
          <reporter-output>
          </reporter-output>
        </test-method> <!-- testcreateuser -->
        <test-method signature="testgetuser()[pri:2, instance:api.testcases.UserTestCase@758a34ce]" started-at="2024-06-28T23:29:19 IST" name="testgetuser" finished-at="2024-06-28T23:29:20 IST" duration-ms="1090" status="PASS">
          <reporter-output>
          </reporter-output>
        </test-method> <!-- testgetuser -->
        <test-method signature="testupdateuser()[pri:3, instance:api.testcases.UserTestCase@758a34ce]" started-at="2024-06-28T23:29:20 IST" name="testupdateuser" finished-at="2024-06-28T23:29:22 IST" duration-ms="2148" status="PASS">
          <reporter-output>
          </reporter-output>
        </test-method> <!-- testupdateuser -->
        <test-method signature="testdeleteuser()[pri:4, instance:api.testcases.UserTestCase@758a34ce]" started-at="2024-06-28T23:29:22 IST" name="testdeleteuser" finished-at="2024-06-28T23:29:23 IST" duration-ms="1111" status="PASS">
          <reporter-output>
          </reporter-output>
        </test-method> <!-- testdeleteuser -->
      </class> <!-- api.testcases.UserTestCase -->
    </test> <!-- Test -->
  </suite> <!-- Suite -->
</testng-results>
